Ejecutando el notebook con 5*10**6 elementos
El valor de 'value' es: 5000000

 Ejecutando el código original
Tiempo tardado por reduc operation usando una función: 272 ms ± 251 µs per loop (mean ± std. dev. of 2 runs, 1 loop each)
And the result of the sum of numbers in the range [0, value) is: 2500427.702378236

Tiempo tardado por reduc operation usando numpy.sum(): 1.42 ms ± 525 ns per loop (mean ± std. dev. of 2 runs, 1,000 loops each)
Ahora, el resultado utilizando numpy.sum(): 2500427.702378312 
 
Tiempo tardado por reduc operation usando numpy.ndarray.sum(): 1.43 ms ± 933 ns per loop (mean ± std. dev. of 2 runs, 1,000 loops each)
Ahora, el tiempo utilizando numpy.ndarray.sum(): 2500427.702378312

 Ejecutando el apartado A con CUPY
Tiempo tardado por cp.sum(): 24 µs ± 14.2 µs per loop (mean ± std. dev. of 2 runs, 1 loop each)
El resultado usando cp.sum() es: 2500076.0477777454

Tiempo tardado por X.sum() (CuPy): 76.3 µs ± 0.284 ns per loop (mean ± std. dev. of 2 runs, 10,000 loops each)
El resultado usando X.sum() (CuPy) es: 2500076.0477777454


Ejecutando el apartado B con la librería NUMBA
Tiempo tardado por reduc operation usando CUDA: 57.7 µs ± 30.1 µs per loop (mean ± std. dev. of 2 runs, 1 loop each)
El resultado de la suma usando Numba CUDA es: 9998262.0

Ejecutando el notebook con 5*10**7 elementos
El valor de 'value' es: 50000000

 Ejecutando el código original
Tiempo tardado por reduc operation usando una función: 2.72 s ± 6.21 ms per loop (mean ± std. dev. of 2 runs, 1 loop each)
And the result of the sum of numbers in the range [0, value) is: 25001891.84443052

Tiempo tardado por reduc operation usando numpy.sum(): 17.7 ms ± 17.8 µs per loop (mean ± std. dev. of 2 runs, 100 loops each)
Ahora, el resultado utilizando numpy.sum(): 25001891.844425414 
 
Tiempo tardado por reduc operation usando numpy.ndarray.sum(): 17.7 ms ± 1.87 µs per loop (mean ± std. dev. of 2 runs, 100 loops each)
Ahora, el tiempo utilizando numpy.ndarray.sum(): 25001891.844425414

 Ejecutando el apartado A con CUPY
Tiempo tardado por cp.sum(): 691 µs ± 27.2 ns per loop (mean ± std. dev. of 2 runs, 1,000 loops each)
El resultado usando cp.sum() es: 25000108.317570835

Tiempo tardado por X.sum() (CuPy): 691 µs ± 11.8 ns per loop (mean ± std. dev. of 2 runs, 1,000 loops each)
El resultado usando X.sum() (CuPy) es: 25000108.317570835


Ejecutando el apartado B con la librería NUMBA
Tiempo tardado por reduc operation usando CUDA: 83.3 ms ± 57.6 µs per loop (mean ± std. dev. of 2 runs, 1,000 loops each)
El resultado de la suma usando Numba CUDA es: 16777216.0

Ejecutando el notebook con 5*10**8 elementos
El valor de 'value' es: 500000000

 Ejecutando el código original
Tiempo tardado por reduc operation usando una función: 27.2 s ± 81.2 ms per loop (mean ± std. dev. of 2 runs, 1 loop each)
And the result of the sum of numbers in the range [0, value) is: 250009251.02398247

Tiempo tardado por reduc operation usando numpy.sum(): 180 ms ± 19 µs per loop (mean ± std. dev. of 2 runs, 10 loops each)
Ahora, el resultado utilizando numpy.sum(): 250009251.02420697 
 
Tiempo tardado por reduc operation usando numpy.ndarray.sum(): 180 ms ± 14.4 µs per loop (mean ± std. dev. of 2 runs, 10 loops each)
Ahora, el tiempo utilizando numpy.ndarray.sum(): 250009251.02420697

 Ejecutando el apartado A con CUPY
Tiempo tardado por cp.sum(): 6.82 ms ± 99.5 ns per loop (mean ± std. dev. of 2 runs, 1,000 loops each)
El resultado usando cp.sum() es: 249999362.42464414

Tiempo tardado por X.sum() (CuPy): 6.82 ms ± 15.1 ns per loop (mean ± std. dev. of 2 runs, 1,000 loops each)
El resultado usando X.sum() (CuPy) es: 249999362.42464414


Ejecutando el apartado B con la librería NUMBA
Tiempo tardado por reduc operation usando CUDA: 55.3 µs ± 27.2 µs per loop (mean ± std. dev. of 2 runs, 1 loop each)
El resultado de la suma usando Numba CUDA es: 16777216.0

