Ejecutando el notebook con 5*10**7 elementos
El valor de 'value' es: 50000000

Tiempo tardado por la función reduc operation usando una función: 45.1 s ± 34.7 ms per loop (mean ± std. dev. of 2 runs, 1 loop each)
And the result of the sum of numbers in the range [0, value) is: 25003838.063783273

Tiempo tardado por reduc operation usando numpy.sum(): 61.2 ms ± 849 µs per loop (mean ± std. dev. of 2 runs, 10 loops each)
Now, the result using numpy.sum(): 25003838.06378789 
 
Tiempo tardado por reduc operation numpy.ndarray.sum(): 60.3 ms ± 60.1 µs per loop (mean ± std. dev. of 2 runs, 10 loops each)
Now, the result using numpy.ndarray.sum(): 25003838.06378789

Apartado utilizando multiprocesing

Resultado usando 1 proceso: [1249999975000000], Tiempo: 43.4359 segundos
Resultado usando 2 procesos: [312499987500000, 937499987500000], Tiempo: 23.4095 segundos
Resultado usando 4 procesos: [78124993750000, 234374993750000, 390624993750000, 546874993750000], Tiempo: 12.3241 segundos

Apartado utilizando numba

Tiempo tardado por la función reduc operation usando una función 196 ms ± 14.2 µs per loop (mean ± std. dev. of 2 runs, 1 loop each)
And the result of the sum of numbers in the range [0, value) is: 25001697.73050436

Tiempo tardado por reduc operation usando numpy.sum(): 60.5 ms ± 86.1 µs per loop (mean ± std. dev. of 2 runs, 10 loops each)
Now, the result using numpy.sum(): 25001697.730502542 
 
Tiempo tardado por reduc operation usando numpy.ndarray.sum(): 60.3 ms ± 81.5 µs per loop (mean ± std. dev. of 2 runs, 10 loops each)
Now, the result using numpy.ndarray.sum(): 25001697.730502542

Apartado utilizando numba con paralelización

Tiempo tardado por la función reduc operation usando una función: 20.2 ms ± 5.45 ms per loop (mean ± std. dev. of 2 runs, 1 loop each)
And the result of the sum of numbers in the range [0, value) is: 24997765.491302628

Tiempo tardado por reduc operation usando numpy.sum(): 60 ms ± 618 µs per loop (mean ± std. dev. of 2 runs, 10 loops each)
Now, the result using numpy.sum(): 24997765.491302572 
 
Tiempo tardado por reduc operation usando numpy.ndarray.sum(): 59.4 ms ± 128 µs per loop (mean ± std. dev. of 2 runs, 10 loops each)
Now, the result using numpy.ndarray.sum(): 24997765.491302572
Ejecución completada
