Ejecutando el notebook con 5*10**7 elementos
El valor de 'value' es: 50000000

Tiempo tardado por la función reduc operation usando una función: 44.8 s ± 39.5 ms per loop (mean ± std. dev. of 2 runs, 1 loop each)
And the result of the sum of numbers in the range [0, value) is: 25002020.829362914

Tiempo tardado por reduc operation usando numpy.sum(): 59.6 ms ± 59.4 µs per loop (mean ± std. dev. of 2 runs, 10 loops each)
Now, the result using numpy.sum(): 25002020.829365022 
 
Tiempo tardado por reduc operation numpy.ndarray.sum(): 59.3 ms ± 76.4 µs per loop (mean ± std. dev. of 2 runs, 10 loops each)
Now, the result using numpy.ndarray.sum(): 25002020.829365022

Apartado utilizando multiprocesing

Resultado usando 1 proceso: [1249999975000000], Tiempo: 43.5624 segundos
Resultado usando 2 procesos: [312499987500000, 937499987500000], Tiempo: 23.4143 segundos
Resultado usando 4 procesos: [78124993750000, 234374993750000, 390624993750000, 546874993750000], Tiempo: 12.3595 segundos

Apartado utilizando numba

Tiempo tardado por la función reduc operation usando una función 196 ms ± 738 µs per loop (mean ± std. dev. of 2 runs, 1 loop each)
And the result of the sum of numbers in the range [0, value) is: 25002483.065086417

Tiempo tardado por reduc operation usando numpy.sum(): 60.3 ms ± 903 µs per loop (mean ± std. dev. of 2 runs, 10 loops each)
Now, the result using numpy.sum(): 25002483.065091144 
 
Tiempo tardado por reduc operation usando numpy.ndarray.sum(): 59.3 ms ± 45.1 µs per loop (mean ± std. dev. of 2 runs, 10 loops each)
Now, the result using numpy.ndarray.sum(): 25002483.065091144

Apartado utilizando numba con paralelización

Tiempo tardado por la función reduc operation usando una función: 25.1 ms ± 10.6 ms per loop (mean ± std. dev. of 2 runs, 1 loop each)
And the result of the sum of numbers in the range [0, value) is: 25000061.326450065

Tiempo tardado por reduc operation usando numpy.sum(): 59.8 ms ± 20.9 µs per loop (mean ± std. dev. of 2 runs, 10 loops each)
Now, the result using numpy.sum(): 25000061.326450035 
 
Tiempo tardado por reduc operation usando numpy.ndarray.sum(): 59.4 ms ± 166 µs per loop (mean ± std. dev. of 2 runs, 10 loops each)
Now, the result using numpy.ndarray.sum(): 25000061.326450035
Ejecución completada
